#
# There is insufficient memory for the Java Runtime Environment to continue.
# Native memory allocation (malloc) failed to allocate 1048576 bytes for AllocateHeap
# Possible reasons:
#   The system is out of physical RAM or swap space
#   In 32 bit mode, the process size limit was hit
# Possible solutions:
#   Reduce memory load on the system
#   Increase physical memory or swap space
#   Check if swap backing store is full
#   Use 64 bit Java on a 64 bit OS
#   Decrease Java heap size (-Xmx/-Xms)
#   Decrease number of Java threads
#   Decrease Java thread stack sizes (-Xss)
#   Set larger code cache with -XX:ReservedCodeCacheSize=
# This output file may be truncated or incomplete.
#
#  Out of Memory Error (memory/allocation.inline.hpp:61), pid=264260, tid=0x0000000000046124
#
# JRE version:  (8.0_144-b01) (build )
# Java VM: Java HotSpot(TM) 64-Bit Server VM (25.144-b01 mixed mode windows-amd64 compressed oops)
# Failed to write core dump. Minidumps are not enabled by default on client versions of Windows
#

---------------  T H R E A D  ---------------

Current thread (0x00000000042ed800):  JavaThread "Unknown thread" [_thread_in_vm, id=287012, stack(0x00000000042f0000,0x00000000043f0000)]

Stack: [0x00000000042f0000,0x00000000043f0000]
[error occurred during error reporting (printing stack bounds), id 0xc0000005]

Native frames: (J=compiled Java code, j=interpreted, Vv=VM code, C=native code)


---------------  P R O C E S S  ---------------

Java Threads: ( => current thread )

Other Threads:

=>0x00000000042ed800 (exited) JavaThread "Unknown thread" [_thread_in_vm, id=287012, stack(0x00000000042f0000,0x00000000043f0000)]

VM state:not at safepoint (normal execution)

VM Mutex/Monitor currently owned by a thread: None

Heap:
 PSYoungGen      total 76288K, used 1310K [0x000000076af00000, 0x0000000770400000, 0x00000007c0000000)
  eden space 65536K, 2% used [0x000000076af00000,0x000000076b047af0,0x000000076ef00000)
  from space 10752K, 0% used [0x000000076f980000,0x000000076f980000,0x0000000770400000)
  to   space 10752K, 0% used [0x000000076ef00000,0x000000076ef00000,0x000000076f980000)
 ParOldGen       total 175104K, used 0K [0x00000006c0c00000, 0x00000006cb700000, 0x000000076af00000)
  object space 175104K, 0% used [0x00000006c0c00000,0x00000006c0c00000,0x00000006cb700000)
 Metaspace       used 746K, capacity 4480K, committed 4480K, reserved 1056768K
  class space    used 75K, capacity 384K, committed 384K, reserved 1048576K

Card table byte_map: [0x0000000013910000,0x0000000014110000] byte_map_base: 0x000000001030a000

Marking Bits: (ParMarkBitMap*) 0x000000006df5d850
 Begin Bits: [0x0000000014e70000, 0x0000000018e40000)
 End Bits:   [0x0000000018e40000, 0x000000001ce10000)

Polling page: 0x0000000002a90000

CodeCache: size=245760Kb used=328Kb max_used=328Kb free=245431Kb
 bounds [0x0000000004550000, 0x00000000047c0000, 0x0000000013550000]
 total_blobs=58 nmethods=0 adapters=38
 compilation: enabled

Compilation events (0 events):
No events

GC Heap History (0 events):
No events

Deoptimization events (0 events):
No events

Internal exceptions (0 events):
No events

Events (10 events):
Event: 0.022 loading class java/lang/Short
Event: 0.022 loading class java/lang/Short done
Event: 0.022 loading class java/lang/Integer
Event: 0.022 loading class java/lang/Integer done
Event: 0.022 loading class java/lang/Long
Event: 0.022 loading class java/lang/Long done
Event: 0.022 loading class java/lang/NullPointerException
Event: 0.022 loading class java/lang/NullPointerException done
Event: 0.022 loading class java/lang/ArithmeticException
Event: 0.022 loading class java/lang/ArithmeticException done


Dynamic libraries:
0x00007ff737890000 - 0x00007ff7378c7000 	C:\Program Files\Java\jre1.8.0_144\bin\javaw.exe
0x00007ffe4bc10000 - 0x00007ffe4bdf0000 	C:\WINDOWS\SYSTEM32\ntdll.dll
0x00007ffe4b650000 - 0x00007ffe4b6fe000 	C:\WINDOWS\System32\KERNEL32.DLL
0x00007ffe48e20000 - 0x00007ffe49086000 	C:\WINDOWS\System32\KERNELBASE.dll
0x00007ffe4b1b0000 - 0x00007ffe4b251000 	C:\WINDOWS\System32\ADVAPI32.dll
0x00007ffe49a60000 - 0x00007ffe49afd000 	C:\WINDOWS\System32\msvcrt.dll
0x00007ffe49310000 - 0x00007ffe4936b000 	C:\WINDOWS\System32\sechost.dll
0x00007ffe49b00000 - 0x00007ffe49c1f000 	C:\WINDOWS\System32\RPCRT4.dll
0x00007ffe498a0000 - 0x00007ffe49a2f000 	C:\WINDOWS\System32\USER32.dll
0x00007ffe48070000 - 0x00007ffe48090000 	C:\WINDOWS\System32\win32u.dll
0x00007ffe49560000 - 0x00007ffe49588000 	C:\WINDOWS\System32\GDI32.dll
0x00007ffe48900000 - 0x00007ffe48a93000 	C:\WINDOWS\System32\gdi32full.dll
0x00007ffe48110000 - 0x00007ffe481ab000 	C:\WINDOWS\System32\msvcp_win.dll
0x00007ffe48aa0000 - 0x00007ffe48b96000 	C:\WINDOWS\System32\ucrtbase.dll
0x00007ffe32f10000 - 0x00007ffe33179000 	C:\WINDOWS\WinSxS\amd64_microsoft.windows.common-controls_6595b64144ccf1df_6.0.16299.371_none_15c7d1789365a290\COMCTL32.dll
0x00007ffe4b260000 - 0x00007ffe4b568000 	C:\WINDOWS\System32\combase.dll
0x00007ffe48090000 - 0x00007ffe48102000 	C:\WINDOWS\System32\bcryptPrimitives.dll
0x00007ffe49a30000 - 0x00007ffe49a5d000 	C:\WINDOWS\System32\IMM32.DLL
0x000000006a700000 - 0x000000006a7d2000 	C:\Program Files\Java\jre1.8.0_144\bin\msvcr100.dll
0x000000006d740000 - 0x000000006dfdd000 	C:\Program Files\Java\jre1.8.0_144\bin\server\jvm.dll
0x00007ffe4b570000 - 0x00007ffe4b578000 	C:\WINDOWS\System32\PSAPI.DLL
0x00007ffe42e20000 - 0x00007ffe42e29000 	C:\WINDOWS\SYSTEM32\WSOCK32.dll
0x00007ffe41bb0000 - 0x00007ffe41bd3000 	C:\WINDOWS\SYSTEM32\WINMM.dll
0x00007ffe3e8a0000 - 0x00007ffe3e8aa000 	C:\WINDOWS\SYSTEM32\VERSION.dll
0x00007ffe49730000 - 0x00007ffe4979c000 	C:\WINDOWS\System32\WS2_32.dll
0x00007ffe41b80000 - 0x00007ffe41baa000 	C:\WINDOWS\SYSTEM32\WINMMBASE.dll
0x00007ffe49090000 - 0x00007ffe490da000 	C:\WINDOWS\System32\cfgmgr32.dll
0x000000006e360000 - 0x000000006e36f000 	C:\Program Files\Java\jre1.8.0_144\bin\verify.dll
0x000000006d630000 - 0x000000006d659000 	C:\Program Files\Java\jre1.8.0_144\bin\java.dll
0x000000006e340000 - 0x000000006e356000 	C:\Program Files\Java\jre1.8.0_144\bin\zip.dll

VM Arguments:
jvm_args: -Djavafx.animation.fullspeed=true -Dfile.encoding=UTF-8 
java_command: com.fighterz.main.Game
java_class_path (initial): C:\Program Files\Java\jre1.8.0_144\lib\resources.jar;C:\Program Files\Java\jre1.8.0_144\lib\rt.jar;C:\Program Files\Java\jre1.8.0_144\lib\jsse.jar;C:\Program Files\Java\jre1.8.0_144\lib\jce.jar;C:\Program Files\Java\jre1.8.0_144\lib\charsets.jar;C:\Program Files\Java\jre1.8.0_144\lib\jfr.jar;C:\Program Files\Java\jre1.8.0_144\lib\ext\access-bridge-64.jar;C:\Program Files\Java\jre1.8.0_144\lib\ext\cldrdata.jar;C:\Program Files\Java\jre1.8.0_144\lib\ext\dnsns.jar;C:\Program Files\Java\jre1.8.0_144\lib\ext\jaccess.jar;C:\Program Files\Java\jre1.8.0_144\lib\ext\jfxrt.jar;C:\Program Files\Java\jre1.8.0_144\lib\ext\localedata.jar;C:\Program Files\Java\jre1.8.0_144\lib\ext\nashorn.jar;C:\Program Files\Java\jre1.8.0_144\lib\ext\sunec.jar;C:\Program Files\Java\jre1.8.0_144\lib\ext\sunjce_provider.jar;C:\Program Files\Java\jre1.8.0_144\lib\ext\sunmscapi.jar;C:\Program Files\Java\jre1.8.0_144\lib\ext\sunpkcs11.jar;C:\Program Files\Java\jre1.8.0_144\lib\ext\zipfs.jar;C:\Users\trace\eclipse-workspace\SuperCSCFighterz\target\classes
Launcher Type: SUN_STANDARD

Environment Variables:
PATH=C:/Program Files/Java/jre1.8.0_144/bin/server;C:/Program Files/Java/jre1.8.0_144/bin;C:/Program Files/Java/jre1.8.0_144/lib/amd64;C:\Program Files (x86)\Common Files\Intel\Shared Libraries\redist\intel64\compiler;C:\Program Files (x86)\NVIDIA Corporation\PhysX\Common;C:\ProgramData\Oracle\Java\javapath;C:\WINDOWS\system32;C:\WINDOWS;C:\WINDOWS\System32\Wbem;C:\WINDOWS\System32\WindowsPowerShell\v1.0\;C:\Program Files\PuTTY\;C:\Python3\python;C:\Program Files\MySQL\MySQL Utilities 1.6\;C:\Program Files\MySQL\MySQL Server 5.7\bin;C:\Program Files (x86)\Git\cmd;C:\Program Files (x86)\Git\mingw32\bin;C:\Program Files (x86)\Git\usr\bin;C:\ProgramData\chocolatey\bin;C:\Program Files (x86)\GtkSharp\2.12\bin;C:\Program Files\nodejs\;C:\Python3\Scripts;C:\Program Files (x86)\Windows Kits\10\Windows Performance Toolkit\;C:\Users\trace\AppData\Local\Microsoft\WindowsApps;;C:\Program Files (x86)\Microsoft VS Code\bin;C:\Users\trace\AppData\Roaming\npm;C:\WINDOWS\system32;
USERNAME=trace
OS=Windows_NT
PROCESSOR_IDENTIFIER=Intel64 Family 6 Model 60 Stepping 3, GenuineIntel



---------------  S Y S T E M  ---------------

OS: Windows 10.0 , 64 bit Build 16299 (10.0.16299.15)

CPU:total 8 (initial active 8) (4 cores per cpu, 2 threads per core) family 6 model 60 stepping 3, cmov, cx8, fxsr, mmx, sse, sse2, sse3, ssse3, sse4.1, sse4.2, popcnt, avx, avx2, aes, clmul, erms, lzcnt, ht, tsc, tscinvbit, bmi1, bmi2

Memory: 4k page, physical 16727344k(3362940k free), swap 37191900k(4584k free)

vm_info: Java HotSpot(TM) 64-Bit Server VM (25.144-b01) for windows-amd64 JRE (1.8.0_144-b01), built on Jul 21 2017 21:57:33 by "java_re" with MS VC++ 10.0 (VS2010)

time: Thu May 03 00:32:08 2018
elapsed time: 0 seconds (0d 0h 0m 0s)

